[0mGET / [36m304 [0m10.114 ms - -[0m
[0mGET /javascripts/app.js [36m304 [0m2.802 ms - -[0m
[0mGET / [32m200 [0m2.358 ms - 1970[0m
[0mGET /javascripts/app.js [32m200 [0m3.985 ms - 1210[0m
[0mGET / [32m200 [0m1.748 ms - 1970[0m
[0mGET /javascripts/app.js [32m200 [0m1.436 ms - 1210[0m
[0mGET / [32m200 [0m1.255 ms - 1970[0m
[0mGET / [32m200 [0m1.567 ms - 1970[0m
[0mGET /javascripts/app.js [32m200 [0m0.789 ms - 1210[0m
[0mGET / [36m304 [0m0.836 ms - -[0m
[0mGET /javascripts/app.js [32m200 [0m2.094 ms - 1238[0m
[0mGET / [32m200 [0m2.034 ms - 1970[0m
[0mGET /javascripts/app.js [32m200 [0m0.695 ms - 1238[0m
[0mGET / [36m304 [0m0.939 ms - -[0m
[0mGET /javascripts/app.js [36m304 [0m1.777 ms - -[0m
[0mGET / [36m304 [0m0.987 ms - -[0m
[0mGET / [36m304 [0m0.968 ms - -[0m
[0mGET /javascripts/app.js [32m200 [0m1.682 ms - 1238[0m
[0mGET / [36m304 [0m0.729 ms - -[0m
[0mGET /javascripts/app.js [36m304 [0m0.431 ms - -[0m
[0mGET / [36m304 [0m1.868 ms - -[0m
[0mGET /javascripts/app.js [32m200 [0m1.068 ms - 1238[0m
[0mGET / [36m304 [0m2.284 ms - -[0m
[0mGET /javascripts/app.js [36m304 [0m0.547 ms - -[0m
[0mGET / [36m304 [0m1.859 ms - -[0m
[0mGET /javascripts/app.js [36m304 [0m1.108 ms - -[0m
[0mGET / [32m200 [0m0.962 ms - 1970[0m
[0mGET /javascripts/app.js [32m200 [0m1.206 ms - 1238[0m
[0mGET / [36m304 [0m0.746 ms - -[0m
[0mGET /javascripts/app.js [36m304 [0m0.806 ms - -[0m
[0mGET / [36m304 [0m1.897 ms - -[0m
[0mGET /javascripts/app.js [32m200 [0m0.752 ms - 1238[0m
[0mHEAD / [32m200 [0m0.945 ms - 1970[0m
[0mGET / [32m200 [0m0.843 ms - 1970[0m
[0mGET / [36m304 [0m0.991 ms - -[0m
[0mGET /javascripts/app.js [36m304 [0m0.596 ms - -[0m
[0mGET / [32m200 [0m0.985 ms - 1970[0m
[0mGET /javascripts/app.js [32m200 [0m0.922 ms - 1238[0m
[0mGET / [36m304 [0m0.931 ms - -[0m
[0mGET /javascripts/app.js [36m304 [0m0.426 ms - -[0m
[0mGET / [36m304 [0m1.253 ms - -[0m
[0mGET /javascripts/app.js [36m304 [0m0.572 ms - -[0m
[0mGET / [36m304 [0m0.784 ms - -[0m
[0mGET /javascripts/app.js [36m304 [0m0.465 ms - -[0m
[0mGET / [36m304 [0m1.734 ms - -[0m
[0mGET /javascripts/app.js [36m304 [0m0.440 ms - -[0m
[0mGET / [32m200 [0m0.949 ms - 1970[0m
[0mGET / [32m200 [0m1.451 ms - 1970[0m
[0mGET / [32m200 [0m0.771 ms - 1970[0m
[0mGET / [32m200 [0m2.101 ms - 1970[0m
[0mGET / [32m200 [0m1.099 ms - 1970[0m
[0mGET / [32m200 [0m0.796 ms - 1970[0m
[0mGET / [32m200 [0m1.283 ms - 1970[0m
[0mGET /tmUnblock.cgi [33m404 [0m2.199 ms - 0[0m
[0mGET / [36m304 [0m1.035 ms - -[0m
[0mGET /javascripts/app.js [36m304 [0m0.838 ms - -[0m
[0mGET / [32m200 [0m1.174 ms - 1970[0m
[0mGET /javascripts/app.js [32m200 [0m0.860 ms - 1238[0m
[0mGET / [36m304 [0m1.038 ms - -[0m
[0mGET /javascripts/app.js [36m304 [0m0.502 ms - -[0m
[0mGET / [36m304 [0m1.239 ms - -[0m
[0mGET /javascripts/app.js [36m304 [0m0.556 ms - -[0m
[0mGET / [36m304 [0m0.973 ms - -[0m
[0mGET /javascripts/app.js [36m304 [0m0.664 ms - -[0m
[0mGET / [36m304 [0m0.752 ms - -[0m
[0mGET /javascripts/app.js [36m304 [0m1.319 ms - -[0m
[0mGET / [36m304 [0m1.010 ms - -[0m
[0mGET /javascripts/app.js [36m304 [0m0.943 ms - -[0m
[0mGET / [36m304 [0m1.008 ms - -[0m
[0mGET /javascripts/app.js [36m304 [0m0.447 ms - -[0m
[0mGET / [36m304 [0m0.912 ms - -[0m
[0mGET /javascripts/app.js [36m304 [0m0.679 ms - -[0m
[0mGET / [36m304 [0m0.778 ms - -[0m
[0mGET /javascripts/app.js [36m304 [0m0.447 ms - -[0m
[0mGET / [36m304 [0m1.069 ms - -[0m
[0mGET /javascripts/app.js [36m304 [0m0.602 ms - -[0m
[0mGET / [32m200 [0m0.757 ms - 1970[0m
[0mGET /robots.txt [33m404 [0m0.816 ms - 0[0m
[0mGET / [36m304 [0m0.850 ms - -[0m
[0mGET /javascripts/app.js [36m304 [0m0.584 ms - -[0m
[0mGET / [36m304 [0m0.758 ms - -[0m
[0mGET /javascripts/app.js [36m304 [0m0.448 ms - -[0m
[0mGET / [36m304 [0m0.975 ms - -[0m
[0mGET /javascripts/app.js [36m304 [0m1.315 ms - -[0m
[0mGET / [36m304 [0m0.978 ms - -[0m
[0mGET /javascripts/app.js [36m304 [0m0.593 ms - -[0m
[0mGET / [36m304 [0m1.129 ms - -[0m
[0mGET /javascripts/app.js [36m304 [0m0.455 ms - -[0m
[0mGET / [36m304 [0m0.961 ms - -[0m
[0mGET /javascripts/app.js [36m304 [0m0.597 ms - -[0m
[0mGET / [36m304 [0m0.969 ms - -[0m
[0mGET /javascripts/app.js [36m304 [0m0.449 ms - -[0m
[0mGET / [36m304 [0m0.740 ms - -[0m
[0mGET /javascripts/app.js [36m304 [0m0.608 ms - -[0m
[0mGET / [36m304 [0m1.441 ms - -[0m
[0mGET /javascripts/app.js [36m304 [0m0.560 ms - -[0m
[0mGET / [36m304 [0m0.969 ms - -[0m
[0mGET /javascripts/app.js [36m304 [0m0.461 ms - -[0m
[0mGET / [36m304 [0m1.187 ms - -[0m
[0mGET /javascripts/app.js [36m304 [0m0.528 ms - -[0m
[0mGET / [36m304 [0m0.955 ms - -[0m
[0mGET /javascripts/app.js [36m304 [0m0.499 ms - -[0m
[0mGET / [36m304 [0m0.981 ms - -[0m
[0mGET /javascripts/app.js [36m304 [0m0.616 ms - -[0m
[0mGET /w00tw00t.at.ISC.SANS.Win32:) [33m404 [0m0.689 ms - 0[0m
[0mGET / [32m200 [0m2.316 ms - 1970[0m
[0mGET / [32m200 [0m1.338 ms - 1970[0m
[0mGET / [32m200 [0m11.696 ms - 2086[0m
[0mGET /stylesheets/style.css [32m200 [0m7.286 ms - 114[0m
[0mGET /javascripts/app.js [32m200 [0m6.869 ms - 2126[0m
[0mGET /54e11a08dd3ea8d07acd61be [32m200 [0m2.044 ms - 2086[0m
[0mGET /stylesheets/style.css [36m304 [0m2.621 ms - -[0m
[0mGET /javascripts/app.js [36m304 [0m1.401 ms - -[0m
[0mGET /54e11a08dd3ea8d07acd61be [36m304 [0m1.173 ms - -[0m
[0mGET /stylesheets/style.css [36m304 [0m0.527 ms - -[0m
[0mGET /javascripts/app.js [36m304 [0m0.387 ms - -[0m
[0mGET /54e11a08dd3ea8d07acd61be [32m200 [0m0.896 ms - 2086[0m
[0mGET /54e11a08dd3ea8d07acd61be [32m200 [0m1.074 ms - 2086[0m
[0mGET /stylesheets/style.css [32m200 [0m0.778 ms - 114[0m
[0mGET /javascripts/app.js [32m200 [0m0.778 ms - 2126[0m
[0mGET / [36m304 [0m2.068 ms - -[0m
[0mGET /stylesheets/style.css [36m304 [0m0.620 ms - -[0m
[0mGET /javascripts/app.js [36m304 [0m0.386 ms - -[0m
[0mGET / [32m200 [0m2.259 ms - 2086[0m
[0mGET /stylesheets/style.css [32m200 [0m0.727 ms - 114[0m
[0mGET /javascripts/app.js [32m200 [0m0.625 ms - 2126[0m
[0mGET / [36m304 [0m1.183 ms - -[0m
[0mGET /stylesheets/style.css [36m304 [0m1.716 ms - -[0m
[0mGET /javascripts/app.js [36m304 [0m1.241 ms - -[0m
[0mGET / [32m200 [0m1.228 ms - 2086[0m
[0mGET / [36m304 [0m0.756 ms - -[0m
[0mGET /stylesheets/style.css [36m304 [0m0.677 ms - -[0m
[0mGET /javascripts/app.js [36m304 [0m0.580 ms - -[0m
[0mGET /readme.html [33m404 [0m2.062 ms - 0[0m
[0mGET / [32m200 [0m1.065 ms - 2086[0m
[0mGET / [32m200 [0m1.158 ms - 2086[0m
[0mGET /stylesheets/style.css [32m200 [0m0.656 ms - 114[0m
[0mGET /javascripts/app.js [32m200 [0m0.729 ms - 2126[0m
[0mGET / [32m200 [0m0.824 ms - 2086[0m
[0mGET /stylesheets/style.css [32m200 [0m0.727 ms - 114[0m
[0mGET /javascripts/app.js [36m304 [0m1.681 ms - -[0m
[0mGET / [32m200 [0m1.958 ms - 2086[0m
[0mGET /stylesheets/style.css [32m200 [0m0.856 ms - 114[0m
[0mGET /javascripts/app.js [32m200 [0m0.651 ms - 2126[0m
[0mGET / [36m304 [0m0.938 ms - -[0m
[0mGET /stylesheets/style.css [36m304 [0m1.126 ms - -[0m
[0mGET /javascripts/app.js [36m304 [0m0.367 ms - -[0m
[0mGET / [36m304 [0m1.307 ms - -[0m
[0mGET /stylesheets/style.css [36m304 [0m0.525 ms - -[0m
[0mGET /javascripts/app.js [36m304 [0m0.440 ms - -[0m
[0mGET /host [32m200 [0m1.518 ms - 2086[0m
[0mGET /stylesheets/style.css [36m304 [0m0.492 ms - -[0m
[0mGET /javascripts/app.js [36m304 [0m0.344 ms - -[0m
[0mGET /host [36m304 [0m0.990 ms - -[0m
[0mGET /stylesheets/style.css [36m304 [0m1.076 ms - -[0m
[0mGET /javascripts/app.js [36m304 [0m0.533 ms - -[0m
[0mGET /host [32m200 [0m0.999 ms - 2086[0m
[0mGET /stylesheets/style.css [32m200 [0m1.331 ms - 114[0m
[0mGET /javascripts/app.js [32m200 [0m0.619 ms - 2126[0m
[0mGET / [32m200 [0m0.805 ms - 2086[0m
[0mGET /stylesheets/style.css [36m304 [0m1.943 ms - -[0m
[0mGET /javascripts/app.js [36m304 [0m0.305 ms - -[0m
[0mGET / [36m304 [0m0.819 ms - -[0m
[0mGET /stylesheets/style.css [36m304 [0m1.671 ms - -[0m
[0mGET /javascripts/app.js [36m304 [0m0.432 ms - -[0m
[0mGET / [36m304 [0m0.791 ms - -[0m
[0mGET /stylesheets/style.css [36m304 [0m0.469 ms - -[0m
[0mGET /javascripts/app.js [36m304 [0m0.418 ms - -[0m
[0mGET / [36m304 [0m2.111 ms - -[0m
[0mGET /stylesheets/style.css [36m304 [0m1.618 ms - -[0m
[0mGET /javascripts/app.js [36m304 [0m0.893 ms - -[0m
[0mGET /undefined [32m200 [0m0.792 ms - 2086[0m
[0mGET /stylesheets/style.css [36m304 [0m0.879 ms - -[0m
[0mGET /javascripts/app.js [36m304 [0m0.959 ms - -[0m
[0mGET / [36m304 [0m0.748 ms - -[0m
[0mGET /stylesheets/style.css [36m304 [0m0.449 ms - -[0m
[0mGET /javascripts/app.js [36m304 [0m0.467 ms - -[0m
[0mGET /undefined [36m304 [0m1.039 ms - -[0m
[0mGET /stylesheets/style.css [36m304 [0m1.138 ms - -[0m
[0mGET /javascripts/app.js [36m304 [0m1.352 ms - -[0m
[0mGET / [32m200 [0m1.035 ms - 2086[0m
[0mGET /robots.txt [33m404 [0m0.894 ms - 0[0m
[0mGET / [36m304 [0m1.001 ms - -[0m
[0mGET /stylesheets/style.css [36m304 [0m0.793 ms - -[0m
[0mGET /javascripts/app.js [36m304 [0m0.495 ms - -[0m
[0mGET /undefined [36m304 [0m2.036 ms - -[0m
[0mGET /stylesheets/style.css [36m304 [0m0.546 ms - -[0m
[0mGET /javascripts/app.js [36m304 [0m0.693 ms - -[0m
[0mGET / [36m304 [0m0.979 ms - -[0m
[0mGET /stylesheets/style.css [36m304 [0m0.564 ms - -[0m
[0mGET /javascripts/app.js [36m304 [0m0.399 ms - -[0m
[0mGET /undefined [36m304 [0m0.950 ms - -[0m
[0mGET /stylesheets/style.css [36m304 [0m0.578 ms - -[0m
[0mGET /javascripts/app.js [36m304 [0m0.348 ms - -[0m
[0mHEAD / [32m200 [0m0.840 ms - 2086[0m
[0mGET / [32m200 [0m1.181 ms - 2086[0m
[0mGET /stylesheets/style.css [32m200 [0m0.745 ms - 114[0m
[0mGET /javascripts/app.js [32m200 [0m0.935 ms - 2126[0m
[0mGET /undefined [32m200 [0m0.884 ms - 2086[0m
[0mGET /javascripts/app.js [36m304 [0m0.622 ms - -[0m
[0mGET /stylesheets/style.css [36m304 [0m0.425 ms - -[0m
[0mGET /thanks/54e11a08dd3ea8d07acd61be [36m304 [0m366.576 ms - -[0m
[0mGET / [36m304 [0m137.961 ms - -[0m
[0mGET /configure [32m200 [0m144.600 ms - 1080[0m
[0mGET //show/54e5b9e57c2404049a8fbf8c [33m404 [0m2.907 ms - 0[0m
[0mGET /show/54e5b9e57c2404049a8fbf8c [32m200 [0m103.439 ms - 878[0m
[0mGET /checkin/54e5b9e57c2404049a8fbf8c?fromConfig=1 [32m200 [0m24.392 ms - 1379[0m
[0mGET /configure [36m304 [0m64.798 ms - -[0m
[0mGET / [36m304 [0m70.355 ms - -[0m
[0mGET / [32m200 [0m106.786 ms - 980[0m
[0mGET / [32m200 [0m67.571 ms - 980[0m
[0mGET / [32m200 [0m69.412 ms - 980[0m
[0mGET /phpmyadmin/scripts/setup.php [33m404 [0m1.501 ms - 0[0m
[0mGET / [32m200 [0m64.432 ms - 980[0m
[0mGET / [32m200 [0m72.684 ms - 980[0m
[0mGET /tmUnblock.cgi [33m404 [0m1.339 ms - 0[0m
[0mGET / [32m200 [0m70.380 ms - 980[0m
[0mGET / [32m200 [0m73.673 ms - 980[0m
[0mGET / [36m304 [0m62.547 ms - -[0m
[0mGET / [36m304 [0m52.628 ms - -[0m
[0mGET / [36m304 [0m82.675 ms - -[0m
[0mGET / [32m200 [0m77.423 ms - 980[0m
[0mGET /checkin/54e11a08dd3ea8d07acd61be [32m200 [0m33.147 ms - 1379[0m
[0mGET /thanks/54e11a08dd3ea8d07acd61be [32m200 [0m18.308 ms - 1481[0m
[0mGET /checkin/54e11a08dd3ea8d07acd61be [32m200 [0m15.923 ms - 1379[0m
[0mGET / [32m200 [0m106.280 ms - 980[0m
[0mGET /w00tw00t.at.ISC.SANS.DFind:) [33m404 [0m1.784 ms - 0[0m
[0mHEAD / [32m200 [0m77.485 ms - 980[0m
[0mGET / [32m200 [0m62.060 ms - 980[0m
[0mGET / [36m304 [0m67.852 ms - -[0m
[0mGET / [36m304 [0m62.075 ms - -[0m
[0mGET / [36m304 [0m138.784 ms - -[0m
[0mGET /checkin/54e11a08dd3ea8d07acd61be [32m200 [0m15.436 ms - 1379[0m
[0mGET /checkin/54e11a08dd3ea8d07acd61be [36m304 [0m17.906 ms - -[0m

TypeError: Cannot read property 'events' of undefined
    at Request._rp_callbackOrig (/root/signin/controllers/checkin.js:11:45)
    at Request.RP$callback [as _callback] (/root/signin/node_modules/request-promise/lib/rp.js:41:35)
    at self.callback (/root/signin/node_modules/request/request.js:344:22)
    at Request.emit (events.js:95:17)
    at Request.onRequestError (/root/signin/node_modules/request/request.js:961:8)
    at ClientRequest.emit (events.js:95:17)
    at CleartextStream.socketErrorListener (http.js:1552:9)
    at CleartextStream.emit (events.js:95:17)
    at Socket.onerror (tls.js:1456:17)
    at Socket.emit (events.js:117:20)
    at net.js:441:14
    at process._tickCallback (node.js:442:13)

module.js:340
    throw err;
          ^
Error: Cannot find module '/root/signin/NODE_ENV=production'
    at Function.Module._resolveFilename (module.js:338:15)
    at Function.Module._load (module.js:280:25)
    at Function.Module.runMain (module.js:497:10)
    at startup (node.js:119:16)
    at node.js:929:3

module.js:340
    throw err;
          ^
Error: Cannot find module '/root/signin/NODE_ENV=production'
    at Function.Module._resolveFilename (module.js:338:15)
    at Function.Module._load (module.js:280:25)
    at Function.Module.runMain (module.js:497:10)
    at startup (node.js:119:16)
    at node.js:929:3
[0mGET / [36m304 [0m495.136 ms - -[0m
[0mGET / [36m304 [0m83.210 ms - -[0m
[0mGET /configure [32m200 [0m159.306 ms - 1110[0m
[0mGET /show/54e5b9e57c2404049a8fbf8c [32m200 [0m75.550 ms - 878[0m
[0mGET /checkin/54e5b9e57c2404049a8fbf8c?fromConfig=1 [32m200 [0m19.634 ms - 1379[0m
[0mGET /checkin/54e5b9e57c2404049a8fbf8c?fromConfig=1 [36m304 [0m0.882 ms - -[0m
[0mGET /show/54e5b9e57c2404049a8fbf8c [36m304 [0m77.796 ms - -[0m
[0mGET /checkin/54e5b9e57c2404049a8fbf8c?fromConfig=1 [36m304 [0m0.810 ms - -[0m
[0mGET /configure [32m200 [0m82.009 ms - 1110[0m
[0mGET /show/54e5b9e57c2404049a8fbf8c [32m200 [0m77.570 ms - 878[0m
[0mGET /show/54e5b9e57c2404049a8fbf8c [32m200 [0m79.242 ms - 878[0m
[0mGET / [36m304 [0m497.692 ms - -[0m
[0mGET /configure [32m200 [0m100.210 ms - 1100[0m
[0mGET /show/54e5b9e57c2404049a8fbf8c [32m200 [0m76.336 ms - 878[0m
[0mGET / [36m304 [0m56.335 ms - -[0m
[0mGET /phppath/php [33m404 [0m2.571 ms - 0[0m
[0mGET /phppath/php [33m404 [0m1.067 ms - 0[0m
[0mGET / [32m200 [0m76.940 ms - 1009[0m
[0mGET / [36m304 [0m77.051 ms - -[0m
[0mGET /configure [36m304 [0m75.384 ms - -[0m
[0mGET /show/54e5b9e57c2404049a8fbf8c [32m200 [0m76.581 ms - 878[0m
[0mGET /checkin/54e5b9e57c2404049a8fbf8c?fromConfig=1 [32m200 [0m21.490 ms - 1379[0m
[0mGET /thanks/54e5b9e57c2404049a8fbf8c?fromConfig=1 [32m200 [0m26.763 ms - 1481[0m
[0mGET / [36m304 [0m59.905 ms - -[0m
[0mGET / [36m304 [0m74.184 ms - -[0m
[0mGET / [32m200 [0m84.551 ms - 1009[0m
[0mGET /checkin/54e5b9e57c2404049a8fbf8c?fromConfig=1 [32m200 [0m0.834 ms - 1379[0m
[0mGET /thanks/54e5b9e57c2404049a8fbf8c?fromConfig=1 [32m200 [0m0.816 ms - 1481[0m
[0mGET /checkin/54e5b9e57c2404049a8fbf8c?fromConfig=1 [36m304 [0m0.774 ms - -[0m
[0mGET /checkin/54e5b9e57c2404049a8fbf8c?fromConfig=1 [36m304 [0m0.611 ms - -[0m
[0mGET /thanks/54e5b9e57c2404049a8fbf8c?fromConfig=1 [36m304 [0m0.653 ms - -[0m
[0mGET / [32m200 [0m77.591 ms - 1009[0m
[0mGET /checkin/54e5b9e57c2404049a8fbf8c?fromConfig=1 [32m200 [0m0.748 ms - 1379[0m
[0mGET /checkin/54e5b9e57c2404049a8fbf8c?fromConfig=1 [36m304 [0m0.770 ms - -[0m
[0mGET /checkin/54e5b9e57c2404049a8fbf8c?fromConfig=1 [36m304 [0m0.690 ms - -[0m
[0mGET /checkin/54e5b9e57c2404049a8fbf8c?fromConfig=1 [36m304 [0m0.619 ms - -[0m
[0mGET /thanks/54e5b9e57c2404049a8fbf8c?fromConfig=1 [36m304 [0m0.586 ms - -[0m
[0mGET /checkin/54e5b9e57c2404049a8fbf8c?fromConfig=1 [36m304 [0m0.834 ms - -[0m
[0mGET /checkin/54e5b9e57c2404049a8fbf8c?fromConfig=1 [36m304 [0m1.831 ms - -[0m
[0mGET /checkin/54e5b9e57c2404049a8fbf8c?fromConfig=1 [36m304 [0m0.777 ms - -[0m
[0mGET /thanks/54e5b9e57c2404049a8fbf8c?fromConfig=1 [36m304 [0m0.777 ms - -[0m
[0mGET /show/54e5b9e57c2404049a8fbf8c [36m304 [0m73.514 ms - -[0m
[0mGET /checkin/54e5b9e57c2404049a8fbf8c?fromConfig=1 [36m304 [0m1.205 ms - -[0m
[0mGET /configure [32m200 [0m54.922 ms - 966[0m
[0mGET / [36m304 [0m53.173 ms - -[0m
[0mGET /checkin/54e5b9e57c2404049a8fbf8c?fromConfig=1 [36m304 [0m0.781 ms - -[0m
[0mGET /thanks/54e5b9e57c2404049a8fbf8c?fromConfig=1 [36m304 [0m2.140 ms - -[0m
[0mGET /configure [32m200 [0m77.042 ms - 966[0m
[0mGET /configure [36m304 [0m56.968 ms - -[0m
[0mGET /configure [36m304 [0m56.619 ms - -[0m
[0mGET /configure [36m304 [0m75.142 ms - -[0m
[0mGET /configure [36m304 [0m86.254 ms - -[0m
[0mGET /configure [36m304 [0m58.239 ms - -[0m
[0mGET /configure [36m304 [0m54.723 ms - -[0m
[0mGET / [32m200 [0m83.473 ms - 1009[0m
[0mGET /checkin/54e5b9e57c2404049a8fbf8c?fromConfig=1 [36m304 [0m0.667 ms - -[0m
[0mHEAD / [32m200 [0m66.412 ms - 1009[0m
[0mGET /checkin/54e5b9e57c2404049a8fbf8c?fromConfig=1 [36m304 [0m0.714 ms - -[0m
[0mGET /checkin/54e5b9e57c2404049a8fbf8c?fromConfig=1 [36m304 [0m1.081 ms - -[0m
[0mGET /thanks/54e5b9e57c2404049a8fbf8c?fromConfig=1 [36m304 [0m0.552 ms - -[0m
[0mGET /show/54e5b9e57c2404049a8fbf8c [32m200 [0m72.066 ms - 878[0m
[0mGET /checkin/54e5b9e57c2404049a8fbf8c?fromConfig=1 [32m200 [0m0.745 ms - 1379[0m
[0mGET /thanks/54e5b9e57c2404049a8fbf8c?fromConfig=1 [32m200 [0m0.569 ms - 1481[0m
[0mGET / [36m304 [0m57.335 ms - -[0m
[0mGET /show/54e5b9e57c2404049a8fbf8c [36m304 [0m74.360 ms - -[0m
[0mGET /checkin/54e5b9e57c2404049a8fbf8c?fromConfig=1 [36m304 [0m1.658 ms - -[0m
[0mGET /thanks/54e5b9e57c2404049a8fbf8c?fromConfig=1 [36m304 [0m0.574 ms - -[0m
[0mGET /show [33m404 [0m0.604 ms - 0[0m
[0mGET /configure [32m200 [0m59.025 ms - 966[0m
[0mGET / [32m200 [0m70.017 ms - 1009[0m
[0mGET /show/54e5b9e57c2404049a8fbf8c [32m200 [0m55.941 ms - 878[0m
[0mGET /checkin/54e5b9e57c2404049a8fbf8c?fromConfig=1 [32m200 [0m0.728 ms - 1379[0m
[0mGET /thanks/54e5b9e57c2404049a8fbf8c?fromConfig=1 [32m200 [0m0.753 ms - 1481[0m
[0mGET /show/54e5b9e57c2404049a8fbf8c [36m304 [0m74.013 ms - -[0m
[0mGET /show/54e5b9e57c2404049a8fbf8c [36m304 [0m55.446 ms - -[0m
[0mGET /checkin/54e5b9e57c2404049a8fbf8c?fromConfig=1 [36m304 [0m0.698 ms - -[0m
[0mGET /checkin/54e5b9e57c2404049a8fbf8c?fromConfig=1 [36m304 [0m0.553 ms - -[0m
[0mGET /thanks/54e5b9e57c2404049a8fbf8c?fromConfig=1 [36m304 [0m0.723 ms - -[0m
[0mGET /show/54e5b9e57c2404049a8fbf8c [36m304 [0m56.789 ms - -[0m
[0mGET /checkin/54e5b9e57c2404049a8fbf8c?fromConfig=1 [36m304 [0m0.565 ms - -[0m
[0mGET /show/54e5b9e57c2404049a8fbf8c [36m304 [0m75.135 ms - -[0m
[0mGET /checkin/54e5b9e57c2404049a8fbf8c?fromConfig=1 [36m304 [0m0.548 ms - -[0m
[0mGET /configure [32m200 [0m75.378 ms - 966[0m
[0mGET /checkin/54e5b9e57c2404049a8fbf8c?fromConfig=1 [36m304 [0m0.872 ms - -[0m
[0mGET /thanks/54e5b9e57c2404049a8fbf8c?fromConfig=1 [36m304 [0m0.553 ms - -[0m
[0mGET /show/54e11a08dd3ea8d07acd61be [32m200 [0m53.508 ms - 993[0m
[0mGET /checkin/54e11a08dd3ea8d07acd61be?fromConfig=1 [32m200 [0m0.782 ms - 1379[0m
[0mGET /thanks/54e11a08dd3ea8d07acd61be?fromConfig=1 [32m200 [0m0.759 ms - 1481[0m
[0mGET / [32m200 [0m56.000 ms - 1009[0m
[0mGET /show/54e5b9e57c2404049a8fbf8c [36m304 [0m58.347 ms - -[0m
[0mGET /checkin/54e5b9e57c2404049a8fbf8c?fromConfig=1 [36m304 [0m0.695 ms - -[0m
[0mGET /checkin/54e5b9e57c2404049a8fbf8c?fromConfig=1 [36m304 [0m0.556 ms - -[0m
[0mGET /thanks/54e5b9e57c2404049a8fbf8c?fromConfig=1 [36m304 [0m0.545 ms - -[0m
[0mGET /show/54e5b9e57c2404049a8fbf8c [36m304 [0m71.730 ms - -[0m
[0mGET /checkin/54e5b9e57c2404049a8fbf8c?fromConfig=1 [36m304 [0m0.567 ms - -[0m
[0mGET /checkin/54e5b9e57c2404049a8fbf8c?fromConfig=1 [36m304 [0m0.716 ms - -[0m
[0mGET /thanks/54e5b9e57c2404049a8fbf8c?fromConfig=1 [36m304 [0m1.286 ms - -[0m
[0mGET /checkin/54e5b9e57c2404049a8fbf8c?fromConfig=1 [36m304 [0m1.168 ms - -[0m
[0mGET / [36m304 [0m76.540 ms - -[0m
[0mGET /configure [32m200 [0m42.650 ms - 1097[0m
[0mGET /configure [32m200 [0m16.645 ms - 1097[0m
[0mGET /show/54ea8c424ff6524ccd1d19e8 [32m200 [0m34.750 ms - 969[0m
[0mGET / [36m304 [0m55.645 ms - -[0m
[0mGET / [36m304 [0m72.090 ms - -[0m
[0mGET /show [33m404 [0m0.797 ms - 0[0m
[0mGET / [36m304 [0m72.335 ms - -[0m
[0mGET /checkin/54e5b9e57c2404049a8fbf8c [32m200 [0m0.613 ms - 1379[0m
[0mGET /thanks/54e5b9e57c2404049a8fbf8c [32m200 [0m0.609 ms - 1481[0m
[0mGET /configure [36m304 [0m38.593 ms - -[0m
[0mGET / [32m200 [0m72.319 ms - 1009[0m
[0mGET /tmUnblock.cgi [33m404 [0m0.596 ms - 0[0m
[0mGET /configure [32m200 [0m40.349 ms - 1097[0m
[0mGET /w00tw00t.at.ISC.SANS.Win32:) [33m404 [0m0.593 ms - 0[0m
[0mGET /vtigercrm/test/upload/vtigercrm.txt [33m404 [0m0.891 ms - 0[0m
[0mGET / [36m304 [0m76.944 ms - -[0m
[0mGET /configure [36m304 [0m25.910 ms - -[0m
[0mGET /configure [36m304 [0m112.019 ms - -[0m
[0mGET /configure [36m304 [0m81.038 ms - -[0m
[0mGET /configure [32m200 [0m45.348 ms - 1259[0m
[0mGET /configure [36m304 [0m117.943 ms - -[0m
[0mGET / [36m304 [0m76.955 ms - -[0m
[0mGET / [36m304 [0m73.180 ms - -[0m
[0mGET / [36m304 [0m73.895 ms - -[0m
[0mGET /configure [36m304 [0m21.125 ms - -[0m
[0mGET /configure [32m200 [0m22.852 ms - 1259[0m
[0mGET /configure [32m200 [0m63.025 ms - 1259[0m
[0mGET /configure [32m200 [0m28.926 ms - 1259[0m
[0mGET /configure [32m200 [0m23.099 ms - 1259[0m
[0mGET /configure [32m200 [0m40.759 ms - 1259[0m
[0mGET /configure [32m200 [0m38.022 ms - 1259[0m
[0mGET /configure [32m200 [0m24.536 ms - 1259[0m
[0mGET / [36m304 [0m74.280 ms - -[0m
[0mGET /configure [36m304 [0m64.830 ms - -[0m
[0mGET /configure [36m304 [0m46.859 ms - -[0m
[0mGET /show/54eb21eb71b2fc44a171225a [32m200 [0m76.907 ms - 1005[0m
[0mGET /checkin/54eb21eb71b2fc44a171225a?fromConfig=1 [32m200 [0m0.768 ms - 1379[0m
[0mGET /thanks/54eb21eb71b2fc44a171225a?fromConfig=1 [32m200 [0m0.746 ms - 1481[0m
[0mGET /show/54e5b9e57c2404049a8fbf8c [36m304 [0m72.330 ms - -[0m
[0mGET /show/54eb21eb71b2fc44a171225a [36m304 [0m76.028 ms - -[0m
[0mGET /checkin/54eb21eb71b2fc44a171225a?fromConfig=1 [36m304 [0m0.978 ms - -[0m
[0mGET /checkin/54eb21eb71b2fc44a171225a?fromConfig=1 [36m304 [0m0.755 ms - -[0m
[0mGET /thanks/54eb21eb71b2fc44a171225a?fromConfig=1 [36m304 [0m0.800 ms - -[0m
[0mGET /show/54eb21eb71b2fc44a171225a [36m304 [0m64.280 ms - -[0m
[0mGET / [36m304 [0m73.717 ms - -[0m
[0mGET /configure [36m304 [0m45.590 ms - -[0m
[0mGET / [32m200 [0m75.803 ms - 1009[0m
[0mGET / [36m304 [0m77.177 ms - -[0m
[0mGET / [36m304 [0m57.193 ms - -[0m
[0mGET / [36m304 [0m73.144 ms - -[0m
[0mGET / [36m304 [0m72.404 ms - -[0m
[0mGET / [36m304 [0m112.985 ms - -[0m
[0mGET / [36m304 [0m60.129 ms - -[0m
[0mGET / [32m200 [0m79.378 ms - 992[0m
[0mGET /checkin/54eb3563c7d267d2e37032bf [32m200 [0m0.776 ms - 1379[0m
[0mGET /checkin/54eb3563c7d267d2e37032bf [36m304 [0m0.580 ms - -[0m
[0mGET /thanks/54eb3563c7d267d2e37032bf [32m200 [0m0.972 ms - 1481[0m
[0mGET /configure [32m200 [0m88.414 ms - 1421[0m
[0mGET /show/54eb3563c7d267d2e37032bf [32m200 [0m39.997 ms - 1005[0m
[0mGET /checkin/54eb3563c7d267d2e37032bf?fromConfig=1 [32m200 [0m0.587 ms - 1379[0m
[0mGET /thanks/54eb3563c7d267d2e37032bf?fromConfig=1 [32m200 [0m0.736 ms - 1481[0m
[0mGET /show/54eb3563c7d267d2e37032bf [36m304 [0m80.885 ms - -[0m
[0mGET /checkin/54eb3563c7d267d2e37032bf?fromConfig=1 [36m304 [0m0.544 ms - -[0m
[0mGET /checkin/54eb3563c7d267d2e37032bf?fromConfig=1 [36m304 [0m0.544 ms - -[0m
[0mGET /thanks/54eb3563c7d267d2e37032bf?fromConfig=1 [36m304 [0m0.553 ms - -[0m
[0mGET /show/54eb3563c7d267d2e37032bf [36m304 [0m36.776 ms - -[0m
[0mGET / [32m200 [0m469.723 ms - 1009[0m
[0mGET / [32m200 [0m80.570 ms - 1009[0m
[0mGET /configure [32m200 [0m87.208 ms - 1259[0m
